Build started 4/22/2017 10:43:23 PM.
     1>Project "E:\uni\cs 317\new assignment 2\new assignment 2\new assignment 2.vcxproj" on node 2 (Build target(s)).
     1>ClCompile:
         E:\visual studios\VC\bin\CL.exe /c /ZI /nologo /W3 /WX- /sdl /Od /Oy- /D WIN32 /D _DEBUG /D _CONSOLE /D _LIB /D _UNICODE /D UNICODE /Gm /EHsc /RTC1 /MDd /GS /fp:precise /Zc:wchar_t /Zc:forScope /Fo"Debug\\" /Fd"Debug\vc120.pdb" /Gd /TP /analyze- /errorReport:prompt State.cpp
         State.cpp
     1>e:\uni\cs 317\new assignment 2\new assignment 2\out.h(17): warning C4305: 'initializing' : truncation from '__int64' to 'int'
     1>e:\uni\cs 317\new assignment 2\new assignment 2\out.h(17): warning C4309: 'initializing' : truncation of constant value
     1>e:\uni\cs 317\new assignment 2\new assignment 2\state.cpp(37): warning C4018: '<' : signed/unsigned mismatch
     1>e:\uni\cs 317\new assignment 2\new assignment 2\state.cpp(40): warning C4018: '<' : signed/unsigned mismatch
     1>e:\uni\cs 317\new assignment 2\new assignment 2\state.cpp(57): warning C4018: '<' : signed/unsigned mismatch
     1>e:\uni\cs 317\new assignment 2\new assignment 2\state.cpp(93): warning C4018: '<' : signed/unsigned mismatch
     1>e:\uni\cs 317\new assignment 2\new assignment 2\state.cpp(134): warning C4018: '<' : signed/unsigned mismatch
       Link:
         E:\visual studios\VC\bin\link.exe /ERRORREPORT:PROMPT /OUT:"E:\uni\cs 317\new assignment 2\Debug\new assignment 2.exe" /INCREMENTAL /NOLOGO kernel32.lib user32.lib gdi32.lib winspool.lib comdlg32.lib advapi32.lib shell32.lib ole32.lib oleaut32.lib uuid.lib odbc32.lib odbccp32.lib /MANIFEST /MANIFESTUAC:"level='asInvoker' uiAccess='false'" /manifest:embed /DEBUG /PDB:"E:\uni\cs 317\new assignment 2\Debug\new assignment 2.pdb" /SUBSYSTEM:CONSOLE /TLBID:1 /DYNAMICBASE /NXCOMPAT /IMPLIB:"E:\uni\cs 317\new assignment 2\Debug\new assignment 2.lib" /MACHINE:X86 Debug\Actions.obj
         Debug\add.obj
         Debug\FSM.obj
         Debug\out.obj
         Debug\run.obj
         Debug\Source.obj
         Debug\State.obj
         Debug\wait.obj
         new assignment 2.vcxproj -> E:\uni\cs 317\new assignment 2\Debug\new assignment 2.exe
     1>Done Building Project "E:\uni\cs 317\new assignment 2\new assignment 2\new assignment 2.vcxproj" (Build target(s)).

Build succeeded.

Time Elapsed 00:00:04.20
